Error: RetryError[<Future at 0x109e1a690 state=finished raised HTTPStatusError>]

Traceback (most recent call last):
  File "/Users/adickinson/Documents/GitHub/openonco-review/venv/lib/python3.13/site-packages/tenacity/asyncio/__init__.py", line 114, in __call__
    result = await fn(*args, **kwargs)
             ^^^^^^^^^^^^^^^^^^^^^^^^^
  File "/Users/adickinson/Documents/GitHub/openonco-review/clients/grok.py", line 95, in review
    response.raise_for_status()
    ~~~~~~~~~~~~~~~~~~~~~~~~~^^
  File "/Users/adickinson/Documents/GitHub/openonco-review/venv/lib/python3.13/site-packages/httpx/_models.py", line 829, in raise_for_status
    raise HTTPStatusError(message, request=request, response=self)
httpx.HTTPStatusError: Client error '403 Forbidden' for url 'https://api.x.ai/v1/chat/completions'
For more information check: https://developer.mozilla.org/en-US/docs/Web/HTTP/Status/403

The above exception was the direct cause of the following exception:

Traceback (most recent call last):
  File "/Users/adickinson/Documents/GitHub/openonco-review/review.py", line 81, in run_single
    result = await client_fn(data_js, prompt)
             ^^^^^^^^^^^^^^^^^^^^^^^^^^^^^^^^
  File "/Users/adickinson/Documents/GitHub/openonco-review/venv/lib/python3.13/site-packages/tenacity/asyncio/__init__.py", line 189, in async_wrapped
    return await copy(fn, *args, **kwargs)
           ^^^^^^^^^^^^^^^^^^^^^^^^^^^^^^^
  File "/Users/adickinson/Documents/GitHub/openonco-review/venv/lib/python3.13/site-packages/tenacity/asyncio/__init__.py", line 111, in __call__
    do = await self.iter(retry_state=retry_state)
         ^^^^^^^^^^^^^^^^^^^^^^^^^^^^^^^^^^^^^^^^
  File "/Users/adickinson/Documents/GitHub/openonco-review/venv/lib/python3.13/site-packages/tenacity/asyncio/__init__.py", line 153, in iter
    result = await action(retry_state)
             ^^^^^^^^^^^^^^^^^^^^^^^^^
  File "/Users/adickinson/Documents/GitHub/openonco-review/venv/lib/python3.13/site-packages/tenacity/_utils.py", line 99, in inner
    return call(*args, **kwargs)
  File "/Users/adickinson/Documents/GitHub/openonco-review/venv/lib/python3.13/site-packages/tenacity/__init__.py", line 421, in exc_check
    raise retry_exc from fut.exception()
tenacity.RetryError: RetryError[<Future at 0x109e1a690 state=finished raised HTTPStatusError>]
